ERROR:root:Error processing hash 1559aeb8e464759247e4588cb6a09877: This event loop is already running
ERROR:root:Error processing hash 15a7125fe9e629122e1d1389062af712: This event loop is already running
ERROR:root:Error processing hash 1769a818548a0b52c7be2a0a213a9384: This event loop is already running
ERROR:root:Error processing hash 44be20c67a80af8066f9401c5bee43cb: This event loop is already running
ERROR:root:Error processing hash 1fd8fef169bf48cfdcf506151264128c: This event loop is already running
ERROR:root:Error processing hash bb9ee3a6504fbf6a5486af04dbbb5da5: This event loop is already running
ERROR:root:Error processing hash bdfb5071f5374f5c0a3714464b1fa5e6: This event loop is already running
ERROR:root:Error processing hash 137910039cb94c0301154f3d1ec9ba29: This event loop is already running
ERROR:root:Error processing hash ce00749c908de017010055a83ac0654f: This event loop is already running
ERROR:root:Error processing hash 37b7415442ab8ca01e08b2d7bfe809e2: This event loop is already running
ERROR:root:Error processing hash db0483aced77a7db130a6100aef67967: This event loop is already running
ERROR:root:Error processing hash 90f2b7845c203035f0d7096aa28dda83: This event loop is already running
ERROR:root:Error processing hash 430d944786e05042cdbe1d795ded2199: This event loop is already running
ERROR:root:Error processing hash 2677f9871cb340750e582cb677d40e81: This event loop is already running
ERROR:root:Error processing hash 783e7c3ba39daa28301b841785794d76: This event loop is already running
ERROR:root:Error processing hash ecb2d07ede5a401c83a5fca8e00fa37a: This event loop is already running
ERROR:root:Error processing hash 114f22f3dd6928bed5c779fa918a8f11: This event loop is already running
ERROR:root:Error processing hash b587851d8a42fc8c23f638bbc2eb866b: This event loop is already running
ERROR:root:Error processing hash 825730d9dd22dbae7f2bd89131466415: This event loop is already running
ERROR:root:Error processing hash 9ad00e513364e9f44f1b6712907cba9b: This event loop is already running
ERROR:root:Error processing hash bd416ea51f94d815b5b5b66861cbdcc5: This event loop is already running
ERROR:root:Error processing hash a0f565f7f579f0d397a42db5a95d4ae8: This event loop is already running
ERROR:root:Error processing hash 7b07cd6bb6b5d4ed6a2892a738fe892b: This event loop is already running
ERROR:root:Error processing hash 4548c7f157d300ec39b1821db4daa970: This event loop is already running
ERROR:root:Error processing hash 1a536709554860fcc2c147374556205d: This event loop is already running
ERROR:root:Error processing hash e732bc87033a935bd2d3d56c7772641b: This event loop is already running
ERROR:root:Error processing hash 78aa7e785a96f2826ee09a1aa9ab776e: This event loop is already running
ERROR:root:Error processing hash 556abc167348fe96abfbf5079c3ad488: This event loop is already running
ERROR:root:Error processing hash a225b7aff737dea737cd969fb307df23: This event loop is already running
ERROR:root:Error processing hash d19dd02cf375d0d03f557556d5207061: This event loop is already running
ERROR:root:Error processing hash c32f40f304777df7cfab428a54bb818b: This event loop is already running
ERROR:root:Error processing hash 210db61d1b11c1d233fd8a0645946074: This event loop is already running
ERROR:root:Error processing hash 728b908e90930c73edeb1bf58b6a3a64: This event loop is already running
ERROR:root:Error processing hash 96d86472ff283f6959b7a779f004dfba: This event loop is already running
ERROR:root:Error processing hash e3ffda448df223b240a20dae41e20cef: This event loop is already running
ERROR:root:Error processing hash 9775ef6514916977d73e39a6b09029bc: This event loop is already running
ERROR:root:Error processing hash 044e701e8d288075b0fb6cd118aa94db: This event loop is already running
ERROR:root:Error processing hash e25ac08833416b8c7191639b60edfa21: This event loop is already running
ERROR:root:Error processing hash c0b24dc8f53227ce0c64439b302ca930: This event loop is already running
ERROR:root:Error processing hash e2e5644e77e75e422bde075f409d882e: This event loop is already running
ERROR:root:Error processing hash 493f59b6933e59029bf3106fd4a2998d: This event loop is already running
ERROR:root:Error processing hash d7f6b09775b8d90d79404eda715461b7: This event loop is already running
ERROR:root:Error processing hash 4382384feb5ad6b574f68e431006905e: This event loop is already running
ERROR:root:Error processing hash c156572dd81c3b0072f62484e90e47a0: This event loop is already running
ERROR:root:Error processing hash a2aca7b66f678b85fc7b4015af21c5ee: This event loop is already running
ERROR:root:Error processing hash 6df608342938f0d30a058c48bb9d8d4d: This event loop is already running
ERROR:root:Error processing hash 37505b6ff02a679e70885ccd60c13f3b: This event loop is already running
ERROR:root:Error processing hash 0ef32b48f6ca3a1a22ab87058b3d8aa0: This event loop is already running
ERROR:root:Error processing hash 0c2dde41d508941cf215fe8f1f7e03a7: This event loop is already running
ERROR:root:Error processing hash BD47942E9B6AD87EB5525040DB620756: This event loop is already running
ERROR:root:Error processing hash FC8B6C05963FD5285BCE6ED51862F125: This event loop is already running
ERROR:root:Error processing hash 6EA4E4AB925A09E4C7A1E80BAE5B9584: This event loop is already running
ERROR:root:Error processing hash 61B3C9878B84706DB5F871B4808E739A: This event loop is already running
ERROR:root:Error processing hash A6602EF2F6DC790EA103FF453EB21024: This event loop is already running
ERROR:root:Error processing hash 27DB56964E7583E19643BF5C98FFFD52: This event loop is already running
ERROR:root:Error processing hash C7256A0FBAB0F437C3AD4334AA5CDE06: This event loop is already running
ERROR:root:Error processing hash BD47942E9B6AD87EB5525040DB620756: This event loop is already running
ERROR:root:Error processing hash FC8B6C05963FD5285BCE6ED51862F125: This event loop is already running
ERROR:root:Error processing hash 6EA4E4AB925A09E4C7A1E80BAE5B9584: This event loop is already running
ERROR:root:Error processing hash 61B3C9878B84706DB5F871B4808E739A: This event loop is already running
ERROR:root:Error processing hash A6602EF2F6DC790EA103FF453EB21024: This event loop is already running
ERROR:root:Error processing hash 27DB56964E7583E19643BF5C98FFFD52: This event loop is already running
ERROR:root:Error processing hash C7256A0FBAB0F437C3AD4334AA5CDE06: This event loop is already running
